Command line:
   PROCESSOR_TF_isim_beh.exe
     -simmode  gui
     -simrunnum  0
     -socket  60917

Sun Mar 03 20:37:08 2019


 Elaboration Time: 0.078125 sec

 Current Memory Usage: 1161.56 Meg

 Total Signals          : 286
 Total Nets             : 1918
 Total Signal Drivers   : 84
 Total Blocks           : 59
 Total Primitive Blocks : 57
 Total Processes        : 147
 Total Traceable Variables  : 91
 Total Scalar Nets and Variables : 81359
Total Line Count : 417

 Total Simulation Time: 0.265625 sec

 Current Memory Usage: 1005.06 Meg

Sun Mar 03 20:39:23 2019

